[debug] [2023-09-15T01:59:18.721Z] ----------------------------------------------------------------------
[debug] [2023-09-15T01:59:18.725Z] Command:       C:\Program Files\nodejs\node.exe C:\Users\my pc\AppData\Roaming\npm\node_modules\firebase-tools\lib\bin\firebase.js init
[debug] [2023-09-15T01:59:18.725Z] CLI Version:   12.5.4
[debug] [2023-09-15T01:59:18.726Z] Platform:      win32
[debug] [2023-09-15T01:59:18.726Z] Node Version:  v18.17.0
[debug] [2023-09-15T01:59:18.728Z] Time:          Thu Sep 14 2023 18:59:18 GMT-0700 (Pacific Daylight Time)
[debug] [2023-09-15T01:59:18.728Z] ----------------------------------------------------------------------
[debug] 
[debug] [2023-09-15T01:59:18.735Z] >>> [apiv2][query] GET https://firebase-public.firebaseio.com/cli.json [none]
[debug] [2023-09-15T01:59:18.825Z] > command requires scopes: ["email","openid","https://www.googleapis.com/auth/cloudplatformprojects.readonly","https://www.googleapis.com/auth/firebase","https://www.googleapis.com/auth/cloud-platform"]
[debug] [2023-09-15T01:59:18.826Z] > authorizing via signed-in user (dellafarsa@gmail.com)
[info] 
     ######## #### ########  ######## ########     ###     ######  ########
     ##        ##  ##     ## ##       ##     ##  ##   ##  ##       ##
     ######    ##  ########  ######   ########  #########  ######  ######
     ##        ##  ##    ##  ##       ##     ## ##     ##       ## ##
     ##       #### ##     ## ######## ########  ##     ##  ######  ########

You're about to initialize a Firebase project in this directory:

  C:\Users\my pc\Desktop\superchat-app

[debug] [2023-09-15T01:59:39.938Z] *** [apiv2] error from fetch(https://firebase-public.firebaseio.com/cli.json, {"headers":{},"method":"GET"}): FetchError: request to https://firebase-public.firebaseio.com/cli.json failed, reason: connect ETIMEDOUT 10.10.34.36:443
[warn] !  Unable to fetch the CLI MOTD and remote config. 
[debug] [2023-09-15T01:59:39.940Z] Failed to fetch MOTD FirebaseError: Failed to make request to https://firebase-public.firebaseio.com/cli.json
